<?xml version="1.0" encoding="UTF-8"?>
<testng-results skipped="0" failed="0" total="1" passed="1">
  <reporter-output>
  </reporter-output>
  <suite name="Default suite" duration-ms="5640" started-at="2018-12-29T17:08:02Z" finished-at="2018-12-29T17:08:08Z">
    <groups>
    </groups>
    <test name="Default test" duration-ms="5640" started-at="2018-12-29T17:08:02Z" finished-at="2018-12-29T17:08:08Z">
      <class name="com.newmaven.BaseClass">
        <test-method status="PASS" signature="setup()[pri:0, instance:com.newmaven.BaseClass@4883b407]" name="setup" duration-ms="5607" started-at="2018-12-29T12:08:02Z" finished-at="2018-12-29T12:08:08Z">
          <reporter-output>
          </reporter-output>
        </test-method> <!-- setup -->
      </class> <!-- com.newmaven.BaseClass -->
    </test> <!-- Default test -->
  </suite> <!-- Default suite -->
</testng-results>
